01CB5468
01CB54C8
01C99E68
01CAA728
01CB9428
01CB6C68
01CBB6A8
01CC07A8
01C9DD08
01C994A8
01C9ED28
01C9EAE8
01CABF88
01CABB08
01CB1BC8
01C94D08
01C94D68
01C94DC8
01C94E28
01C94A68
01C94AC8
01C9DA08
01C9F508
01CAE928
01CA9828
01CAF348
01C9EDE8
01C991A8
01CC06E8
01CBDAA8
01CBDB08
01CBDB68
01CBDBC8
01CBDC28
01CBE2E8
01C9EEA8
01CA0348
01CAAAE8
01CB5408
01CBF7E8
01CBCF68
01CBFA88
01CBF848
01CBF8A8
01CBF908
01C949A8
01C94A08
01C9E0C8
01C99868
01CA3CA8
01C998C8
01C99928
01C99988
01C999E8
01C99A48
01C9F7A8
01CA1908
01CA0F48
01CAD548
01C9ED88
01CAFB88
01C9BEA8
01C9EBA8
01C9EE48
01CAB208
01CB5528
01CAB3E8
01CB5CA8
01CB6F08
01C9EA28
01CA7EA8
01CABC28
01CA7E48
01CB0908
01CB1568
01CB9CC8
01CB5A68
01CB5AC8
01CB5B28
01CB6DE8
01CB51C8
01CB5228
01CB5828
01CB57C8
01CB5768
01CA9A08
01CAABA8
01CB8B28
01CB8B88
01CB7448
01CAAC08
01CA9A68
01CBFE48
01CAAD28
01CB15C8
01CAAC68
01CB6728
01CAF4C8
01C9C088
01CB9668
01CA1428
01C9C028
01C96148
01CA07C8
01C9F1A8
01C9F0E8
